2024-11-03T08:21:07.681-05:00  INFO 9264 --- [DrogeriaFX] [JavaFX-Launcher] o.s.boot.SpringApplication               : Starting application using Java 22.0.2 with PID 9264 (started by User in D:\Descargas\POO gian\DrogeriaFX)
2024-11-03T08:21:07.698-05:00  INFO 9264 --- [DrogeriaFX] [JavaFX-Launcher] o.s.boot.SpringApplication               : No active profile set, falling back to 1 default profile: "default"
2024-11-03T08:21:08.891-05:00  INFO 9264 --- [DrogeriaFX] [JavaFX-Launcher] .s.d.r.c.RepositoryConfigurationDelegate : Bootstrapping Spring Data JPA repositories in DEFAULT mode.
2024-11-03T08:21:09.026-05:00  INFO 9264 --- [DrogeriaFX] [JavaFX-Launcher] .s.d.r.c.RepositoryConfigurationDelegate : Finished Spring Data repository scanning in 124 ms. Found 16 JPA repository interfaces.
2024-11-03T08:21:09.721-05:00  INFO 9264 --- [DrogeriaFX] [JavaFX-Launcher] o.hibernate.jpa.internal.util.LogHelper  : HHH000204: Processing PersistenceUnitInfo [name: default]
2024-11-03T08:21:09.829-05:00  INFO 9264 --- [DrogeriaFX] [JavaFX-Launcher] org.hibernate.Version                    : HHH000412: Hibernate ORM core version 6.5.3.Final
2024-11-03T08:21:09.883-05:00  INFO 9264 --- [DrogeriaFX] [JavaFX-Launcher] o.h.c.internal.RegionFactoryInitiator    : HHH000026: Second-level cache disabled
2024-11-03T08:21:10.375-05:00  INFO 9264 --- [DrogeriaFX] [JavaFX-Launcher] o.s.o.j.p.SpringPersistenceUnitInfo      : No LoadTimeWeaver setup: ignoring JPA class transformer
2024-11-03T08:21:10.424-05:00  INFO 9264 --- [DrogeriaFX] [JavaFX-Launcher] com.zaxxer.hikari.HikariDataSource       : HikariPool-1 - Starting...
2024-11-03T08:21:10.636-05:00  INFO 9264 --- [DrogeriaFX] [JavaFX-Launcher] com.zaxxer.hikari.pool.HikariPool        : HikariPool-1 - Added connection org.sqlite.jdbc4.JDBC4Connection@4d7364b2
2024-11-03T08:21:10.640-05:00  INFO 9264 --- [DrogeriaFX] [JavaFX-Launcher] com.zaxxer.hikari.HikariDataSource       : HikariPool-1 - Start completed.
2024-11-03T08:21:12.651-05:00  INFO 9264 --- [DrogeriaFX] [JavaFX-Launcher] o.h.e.t.j.p.i.JtaPlatformInitiator       : HHH000489: No JTA platform available (set 'hibernate.transaction.jta.platform' to enable JTA platform integration)
2024-11-03T08:21:12.719-05:00  INFO 9264 --- [DrogeriaFX] [JavaFX-Launcher] j.LocalContainerEntityManagerFactoryBean : Initialized JPA EntityManagerFactory for persistence unit 'default'
2024-11-03T08:21:13.236-05:00  INFO 9264 --- [DrogeriaFX] [JavaFX-Launcher] o.s.d.j.r.query.QueryEnhancerFactory     : Hibernate is in classpath; If applicable, HQL parser will be used.
2024-11-03T08:21:13.767-05:00  INFO 9264 --- [DrogeriaFX] [JavaFX-Launcher] o.s.boot.SpringApplication               : Started application in 7.203 seconds (process running for 9.357)
2024-11-03T08:21:43.927-05:00  WARN 9264 --- [DrogeriaFX] [JavaFX Application Thread] o.h.engine.jdbc.spi.SqlExceptionHelper   : SQL Error: 19, SQLState: null
2024-11-03T08:21:43.927-05:00 ERROR 9264 --- [DrogeriaFX] [JavaFX Application Thread] o.h.engine.jdbc.spi.SqlExceptionHelper   : [SQLITE_CONSTRAINT_NOTNULL] A NOT NULL constraint failed (NOT NULL constraint failed: upeu_producto.id_categoria)
2024-11-03T08:28:02.251-05:00  INFO 9264 --- [DrogeriaFX] [SpringApplicationShutdownHook] j.LocalContainerEntityManagerFactoryBean : Closing JPA EntityManagerFactory for persistence unit 'default'
2024-11-03T08:28:02.251-05:00  INFO 9264 --- [DrogeriaFX] [SpringApplicationShutdownHook] com.zaxxer.hikari.HikariDataSource       : HikariPool-1 - Shutdown initiated...
2024-11-03T08:28:02.251-05:00  INFO 9264 --- [DrogeriaFX] [SpringApplicationShutdownHook] com.zaxxer.hikari.HikariDataSource       : HikariPool-1 - Shutdown completed.
2024-11-03T08:28:11.015-05:00  INFO 2024 --- [DrogeriaFX] [JavaFX-Launcher] o.s.boot.SpringApplication               : Starting application using Java 22.0.2 with PID 2024 (started by User in D:\Descargas\POO gian\DrogeriaFX)
2024-11-03T08:28:11.019-05:00  INFO 2024 --- [DrogeriaFX] [JavaFX-Launcher] o.s.boot.SpringApplication               : No active profile set, falling back to 1 default profile: "default"
2024-11-03T08:28:12.182-05:00  INFO 2024 --- [DrogeriaFX] [JavaFX-Launcher] .s.d.r.c.RepositoryConfigurationDelegate : Bootstrapping Spring Data JPA repositories in DEFAULT mode.
2024-11-03T08:28:12.324-05:00  INFO 2024 --- [DrogeriaFX] [JavaFX-Launcher] .s.d.r.c.RepositoryConfigurationDelegate : Finished Spring Data repository scanning in 129 ms. Found 16 JPA repository interfaces.
2024-11-03T08:28:13.061-05:00  INFO 2024 --- [DrogeriaFX] [JavaFX-Launcher] o.hibernate.jpa.internal.util.LogHelper  : HHH000204: Processing PersistenceUnitInfo [name: default]
2024-11-03T08:28:13.149-05:00  INFO 2024 --- [DrogeriaFX] [JavaFX-Launcher] org.hibernate.Version                    : HHH000412: Hibernate ORM core version 6.5.3.Final
2024-11-03T08:28:13.192-05:00  INFO 2024 --- [DrogeriaFX] [JavaFX-Launcher] o.h.c.internal.RegionFactoryInitiator    : HHH000026: Second-level cache disabled
2024-11-03T08:28:13.663-05:00  INFO 2024 --- [DrogeriaFX] [JavaFX-Launcher] o.s.o.j.p.SpringPersistenceUnitInfo      : No LoadTimeWeaver setup: ignoring JPA class transformer
2024-11-03T08:28:13.708-05:00  INFO 2024 --- [DrogeriaFX] [JavaFX-Launcher] com.zaxxer.hikari.HikariDataSource       : HikariPool-1 - Starting...
2024-11-03T08:28:13.901-05:00  INFO 2024 --- [DrogeriaFX] [JavaFX-Launcher] com.zaxxer.hikari.pool.HikariPool        : HikariPool-1 - Added connection org.sqlite.jdbc4.JDBC4Connection@96354a
2024-11-03T08:28:13.904-05:00  INFO 2024 --- [DrogeriaFX] [JavaFX-Launcher] com.zaxxer.hikari.HikariDataSource       : HikariPool-1 - Start completed.
2024-11-03T08:28:15.838-05:00  INFO 2024 --- [DrogeriaFX] [JavaFX-Launcher] o.h.e.t.j.p.i.JtaPlatformInitiator       : HHH000489: No JTA platform available (set 'hibernate.transaction.jta.platform' to enable JTA platform integration)
2024-11-03T08:28:15.900-05:00  INFO 2024 --- [DrogeriaFX] [JavaFX-Launcher] j.LocalContainerEntityManagerFactoryBean : Initialized JPA EntityManagerFactory for persistence unit 'default'
2024-11-03T08:28:16.450-05:00  INFO 2024 --- [DrogeriaFX] [JavaFX-Launcher] o.s.d.j.r.query.QueryEnhancerFactory     : Hibernate is in classpath; If applicable, HQL parser will be used.
2024-11-03T08:28:17.032-05:00  INFO 2024 --- [DrogeriaFX] [JavaFX-Launcher] o.s.boot.SpringApplication               : Started application in 7.09 seconds (process running for 8.738)
2024-11-03T08:28:44.019-05:00  WARN 2024 --- [DrogeriaFX] [JavaFX Application Thread] o.h.engine.jdbc.spi.SqlExceptionHelper   : SQL Error: 19, SQLState: null
2024-11-03T08:28:44.019-05:00 ERROR 2024 --- [DrogeriaFX] [JavaFX Application Thread] o.h.engine.jdbc.spi.SqlExceptionHelper   : [SQLITE_CONSTRAINT_NOTNULL] A NOT NULL constraint failed (NOT NULL constraint failed: upeu_producto.id_categoria)
2024-11-03T08:31:46.576-05:00  INFO 2024 --- [DrogeriaFX] [SpringApplicationShutdownHook] j.LocalContainerEntityManagerFactoryBean : Closing JPA EntityManagerFactory for persistence unit 'default'
2024-11-03T08:31:46.576-05:00  INFO 2024 --- [DrogeriaFX] [SpringApplicationShutdownHook] com.zaxxer.hikari.HikariDataSource       : HikariPool-1 - Shutdown initiated...
2024-11-03T08:31:46.592-05:00  INFO 2024 --- [DrogeriaFX] [SpringApplicationShutdownHook] com.zaxxer.hikari.HikariDataSource       : HikariPool-1 - Shutdown completed.
2024-11-03T08:31:54.629-05:00  INFO 5916 --- [DrogeriaFX] [JavaFX-Launcher] o.s.boot.SpringApplication               : Starting application using Java 22.0.2 with PID 5916 (started by User in D:\Descargas\POO gian\DrogeriaFX)
2024-11-03T08:31:54.633-05:00  INFO 5916 --- [DrogeriaFX] [JavaFX-Launcher] o.s.boot.SpringApplication               : No active profile set, falling back to 1 default profile: "default"
2024-11-03T08:31:55.662-05:00  INFO 5916 --- [DrogeriaFX] [JavaFX-Launcher] .s.d.r.c.RepositoryConfigurationDelegate : Bootstrapping Spring Data JPA repositories in DEFAULT mode.
2024-11-03T08:31:55.787-05:00  INFO 5916 --- [DrogeriaFX] [JavaFX-Launcher] .s.d.r.c.RepositoryConfigurationDelegate : Finished Spring Data repository scanning in 114 ms. Found 16 JPA repository interfaces.
2024-11-03T08:31:56.449-05:00  INFO 5916 --- [DrogeriaFX] [JavaFX-Launcher] o.hibernate.jpa.internal.util.LogHelper  : HHH000204: Processing PersistenceUnitInfo [name: default]
2024-11-03T08:31:56.545-05:00  INFO 5916 --- [DrogeriaFX] [JavaFX-Launcher] org.hibernate.Version                    : HHH000412: Hibernate ORM core version 6.5.3.Final
2024-11-03T08:31:56.591-05:00  INFO 5916 --- [DrogeriaFX] [JavaFX-Launcher] o.h.c.internal.RegionFactoryInitiator    : HHH000026: Second-level cache disabled
2024-11-03T08:31:57.009-05:00  INFO 5916 --- [DrogeriaFX] [JavaFX-Launcher] o.s.o.j.p.SpringPersistenceUnitInfo      : No LoadTimeWeaver setup: ignoring JPA class transformer
2024-11-03T08:31:57.048-05:00  INFO 5916 --- [DrogeriaFX] [JavaFX-Launcher] com.zaxxer.hikari.HikariDataSource       : HikariPool-1 - Starting...
2024-11-03T08:31:57.241-05:00  INFO 5916 --- [DrogeriaFX] [JavaFX-Launcher] com.zaxxer.hikari.pool.HikariPool        : HikariPool-1 - Added connection org.sqlite.jdbc4.JDBC4Connection@96354a
2024-11-03T08:31:57.243-05:00  INFO 5916 --- [DrogeriaFX] [JavaFX-Launcher] com.zaxxer.hikari.HikariDataSource       : HikariPool-1 - Start completed.
2024-11-03T08:31:59.111-05:00  INFO 5916 --- [DrogeriaFX] [JavaFX-Launcher] o.h.e.t.j.p.i.JtaPlatformInitiator       : HHH000489: No JTA platform available (set 'hibernate.transaction.jta.platform' to enable JTA platform integration)
2024-11-03T08:31:59.172-05:00  INFO 5916 --- [DrogeriaFX] [JavaFX-Launcher] j.LocalContainerEntityManagerFactoryBean : Initialized JPA EntityManagerFactory for persistence unit 'default'
2024-11-03T08:31:59.588-05:00  INFO 5916 --- [DrogeriaFX] [JavaFX-Launcher] o.s.d.j.r.query.QueryEnhancerFactory     : Hibernate is in classpath; If applicable, HQL parser will be used.
2024-11-03T08:32:00.202-05:00  INFO 5916 --- [DrogeriaFX] [JavaFX-Launcher] o.s.boot.SpringApplication               : Started application in 6.581 seconds (process running for 8.206)
2024-11-03T08:32:27.536-05:00  WARN 5916 --- [DrogeriaFX] [JavaFX Application Thread] o.h.engine.jdbc.spi.SqlExceptionHelper   : SQL Error: 19, SQLState: null
2024-11-03T08:32:27.537-05:00 ERROR 5916 --- [DrogeriaFX] [JavaFX Application Thread] o.h.engine.jdbc.spi.SqlExceptionHelper   : [SQLITE_CONSTRAINT_NOTNULL] A NOT NULL constraint failed (NOT NULL constraint failed: upeu_producto.id_categoria)
2024-11-03T08:33:43.652-05:00  INFO 5916 --- [DrogeriaFX] [SpringApplicationShutdownHook] j.LocalContainerEntityManagerFactoryBean : Closing JPA EntityManagerFactory for persistence unit 'default'
2024-11-03T08:33:43.652-05:00  INFO 5916 --- [DrogeriaFX] [SpringApplicationShutdownHook] com.zaxxer.hikari.HikariDataSource       : HikariPool-1 - Shutdown initiated...
2024-11-03T08:33:43.652-05:00  INFO 5916 --- [DrogeriaFX] [SpringApplicationShutdownHook] com.zaxxer.hikari.HikariDataSource       : HikariPool-1 - Shutdown completed.
2024-11-03T08:33:52.536-05:00  INFO 5644 --- [DrogeriaFX] [JavaFX-Launcher] o.s.boot.SpringApplication               : Starting application using Java 22.0.2 with PID 5644 (started by User in D:\Descargas\POO gian\DrogeriaFX)
2024-11-03T08:33:52.541-05:00  INFO 5644 --- [DrogeriaFX] [JavaFX-Launcher] o.s.boot.SpringApplication               : No active profile set, falling back to 1 default profile: "default"
2024-11-03T08:33:53.609-05:00  INFO 5644 --- [DrogeriaFX] [JavaFX-Launcher] .s.d.r.c.RepositoryConfigurationDelegate : Bootstrapping Spring Data JPA repositories in DEFAULT mode.
2024-11-03T08:33:53.738-05:00  INFO 5644 --- [DrogeriaFX] [JavaFX-Launcher] .s.d.r.c.RepositoryConfigurationDelegate : Finished Spring Data repository scanning in 119 ms. Found 16 JPA repository interfaces.
2024-11-03T08:33:54.408-05:00  INFO 5644 --- [DrogeriaFX] [JavaFX-Launcher] o.hibernate.jpa.internal.util.LogHelper  : HHH000204: Processing PersistenceUnitInfo [name: default]
2024-11-03T08:33:54.489-05:00  INFO 5644 --- [DrogeriaFX] [JavaFX-Launcher] org.hibernate.Version                    : HHH000412: Hibernate ORM core version 6.5.3.Final
2024-11-03T08:33:54.531-05:00  INFO 5644 --- [DrogeriaFX] [JavaFX-Launcher] o.h.c.internal.RegionFactoryInitiator    : HHH000026: Second-level cache disabled
2024-11-03T08:33:54.956-05:00  INFO 5644 --- [DrogeriaFX] [JavaFX-Launcher] o.s.o.j.p.SpringPersistenceUnitInfo      : No LoadTimeWeaver setup: ignoring JPA class transformer
2024-11-03T08:33:55.004-05:00  INFO 5644 --- [DrogeriaFX] [JavaFX-Launcher] com.zaxxer.hikari.HikariDataSource       : HikariPool-1 - Starting...
2024-11-03T08:33:55.189-05:00  INFO 5644 --- [DrogeriaFX] [JavaFX-Launcher] com.zaxxer.hikari.pool.HikariPool        : HikariPool-1 - Added connection org.sqlite.jdbc4.JDBC4Connection@96354a
2024-11-03T08:33:55.191-05:00  INFO 5644 --- [DrogeriaFX] [JavaFX-Launcher] com.zaxxer.hikari.HikariDataSource       : HikariPool-1 - Start completed.
2024-11-03T08:33:56.989-05:00  INFO 5644 --- [DrogeriaFX] [JavaFX-Launcher] o.h.e.t.j.p.i.JtaPlatformInitiator       : HHH000489: No JTA platform available (set 'hibernate.transaction.jta.platform' to enable JTA platform integration)
2024-11-03T08:33:57.041-05:00  INFO 5644 --- [DrogeriaFX] [JavaFX-Launcher] j.LocalContainerEntityManagerFactoryBean : Initialized JPA EntityManagerFactory for persistence unit 'default'
2024-11-03T08:33:57.462-05:00  INFO 5644 --- [DrogeriaFX] [JavaFX-Launcher] o.s.d.j.r.query.QueryEnhancerFactory     : Hibernate is in classpath; If applicable, HQL parser will be used.
2024-11-03T08:33:57.937-05:00  INFO 5644 --- [DrogeriaFX] [JavaFX-Launcher] o.s.boot.SpringApplication               : Started application in 6.438 seconds (process running for 8.007)
2024-11-03T08:34:18.879-05:00  WARN 5644 --- [DrogeriaFX] [JavaFX Application Thread] o.h.engine.jdbc.spi.SqlExceptionHelper   : SQL Error: 19, SQLState: null
2024-11-03T08:34:18.879-05:00 ERROR 5644 --- [DrogeriaFX] [JavaFX Application Thread] o.h.engine.jdbc.spi.SqlExceptionHelper   : [SQLITE_CONSTRAINT_NOTNULL] A NOT NULL constraint failed (NOT NULL constraint failed: upeu_producto.id_categoria)
2024-11-03T08:38:18.398-05:00  INFO 5644 --- [DrogeriaFX] [SpringApplicationShutdownHook] j.LocalContainerEntityManagerFactoryBean : Closing JPA EntityManagerFactory for persistence unit 'default'
2024-11-03T08:38:18.402-05:00  INFO 5644 --- [DrogeriaFX] [SpringApplicationShutdownHook] com.zaxxer.hikari.HikariDataSource       : HikariPool-1 - Shutdown initiated...
2024-11-03T08:38:18.409-05:00  INFO 5644 --- [DrogeriaFX] [SpringApplicationShutdownHook] com.zaxxer.hikari.HikariDataSource       : HikariPool-1 - Shutdown completed.
2024-11-03T08:38:23.593-05:00  INFO 5916 --- [DrogeriaFX] [JavaFX-Launcher] o.s.boot.SpringApplication               : Starting application using Java 22.0.2 with PID 5916 (started by User in D:\Descargas\POO gian\DrogeriaFX)
2024-11-03T08:38:23.600-05:00  INFO 5916 --- [DrogeriaFX] [JavaFX-Launcher] o.s.boot.SpringApplication               : No active profile set, falling back to 1 default profile: "default"
2024-11-03T08:38:24.714-05:00  INFO 5916 --- [DrogeriaFX] [JavaFX-Launcher] .s.d.r.c.RepositoryConfigurationDelegate : Bootstrapping Spring Data JPA repositories in DEFAULT mode.
2024-11-03T08:38:24.871-05:00  INFO 5916 --- [DrogeriaFX] [JavaFX-Launcher] .s.d.r.c.RepositoryConfigurationDelegate : Finished Spring Data repository scanning in 144 ms. Found 16 JPA repository interfaces.
2024-11-03T08:38:25.592-05:00  INFO 5916 --- [DrogeriaFX] [JavaFX-Launcher] o.hibernate.jpa.internal.util.LogHelper  : HHH000204: Processing PersistenceUnitInfo [name: default]
2024-11-03T08:38:25.690-05:00  INFO 5916 --- [DrogeriaFX] [JavaFX-Launcher] org.hibernate.Version                    : HHH000412: Hibernate ORM core version 6.5.3.Final
2024-11-03T08:38:25.730-05:00  INFO 5916 --- [DrogeriaFX] [JavaFX-Launcher] o.h.c.internal.RegionFactoryInitiator    : HHH000026: Second-level cache disabled
2024-11-03T08:38:26.145-05:00  INFO 5916 --- [DrogeriaFX] [JavaFX-Launcher] o.s.o.j.p.SpringPersistenceUnitInfo      : No LoadTimeWeaver setup: ignoring JPA class transformer
2024-11-03T08:38:26.191-05:00  INFO 5916 --- [DrogeriaFX] [JavaFX-Launcher] com.zaxxer.hikari.HikariDataSource       : HikariPool-1 - Starting...
2024-11-03T08:38:26.375-05:00  INFO 5916 --- [DrogeriaFX] [JavaFX-Launcher] com.zaxxer.hikari.pool.HikariPool        : HikariPool-1 - Added connection org.sqlite.jdbc4.JDBC4Connection@ff3fcb4
2024-11-03T08:38:26.378-05:00  INFO 5916 --- [DrogeriaFX] [JavaFX-Launcher] com.zaxxer.hikari.HikariDataSource       : HikariPool-1 - Start completed.
2024-11-03T08:38:28.109-05:00  INFO 5916 --- [DrogeriaFX] [JavaFX-Launcher] o.h.e.t.j.p.i.JtaPlatformInitiator       : HHH000489: No JTA platform available (set 'hibernate.transaction.jta.platform' to enable JTA platform integration)
2024-11-03T08:38:28.164-05:00  INFO 5916 --- [DrogeriaFX] [JavaFX-Launcher] j.LocalContainerEntityManagerFactoryBean : Initialized JPA EntityManagerFactory for persistence unit 'default'
2024-11-03T08:38:28.672-05:00  INFO 5916 --- [DrogeriaFX] [JavaFX-Launcher] o.s.d.j.r.query.QueryEnhancerFactory     : Hibernate is in classpath; If applicable, HQL parser will be used.
2024-11-03T08:38:29.568-05:00  INFO 5916 --- [DrogeriaFX] [JavaFX-Launcher] o.s.boot.SpringApplication               : Started application in 7.061 seconds (process running for 9.106)
2024-11-03T08:42:45.956-05:00  INFO 5916 --- [DrogeriaFX] [SpringApplicationShutdownHook] j.LocalContainerEntityManagerFactoryBean : Closing JPA EntityManagerFactory for persistence unit 'default'
2024-11-03T08:42:45.962-05:00  INFO 5916 --- [DrogeriaFX] [SpringApplicationShutdownHook] com.zaxxer.hikari.HikariDataSource       : HikariPool-1 - Shutdown initiated...
2024-11-03T08:42:45.967-05:00  INFO 5916 --- [DrogeriaFX] [SpringApplicationShutdownHook] com.zaxxer.hikari.HikariDataSource       : HikariPool-1 - Shutdown completed.
2024-11-03T08:42:54.184-05:00  INFO 17784 --- [DrogeriaFX] [JavaFX-Launcher] o.s.boot.SpringApplication               : Starting application using Java 22.0.2 with PID 17784 (started by User in D:\Descargas\POO gian\DrogeriaFX)
2024-11-03T08:42:54.189-05:00  INFO 17784 --- [DrogeriaFX] [JavaFX-Launcher] o.s.boot.SpringApplication               : No active profile set, falling back to 1 default profile: "default"
2024-11-03T08:42:55.360-05:00  INFO 17784 --- [DrogeriaFX] [JavaFX-Launcher] .s.d.r.c.RepositoryConfigurationDelegate : Bootstrapping Spring Data JPA repositories in DEFAULT mode.
2024-11-03T08:42:55.505-05:00  INFO 17784 --- [DrogeriaFX] [JavaFX-Launcher] .s.d.r.c.RepositoryConfigurationDelegate : Finished Spring Data repository scanning in 128 ms. Found 16 JPA repository interfaces.
2024-11-03T08:42:56.268-05:00  INFO 17784 --- [DrogeriaFX] [JavaFX-Launcher] o.hibernate.jpa.internal.util.LogHelper  : HHH000204: Processing PersistenceUnitInfo [name: default]
2024-11-03T08:42:56.390-05:00  INFO 17784 --- [DrogeriaFX] [JavaFX-Launcher] org.hibernate.Version                    : HHH000412: Hibernate ORM core version 6.5.3.Final
2024-11-03T08:42:56.441-05:00  INFO 17784 --- [DrogeriaFX] [JavaFX-Launcher] o.h.c.internal.RegionFactoryInitiator    : HHH000026: Second-level cache disabled
2024-11-03T08:42:56.913-05:00  INFO 17784 --- [DrogeriaFX] [JavaFX-Launcher] o.s.o.j.p.SpringPersistenceUnitInfo      : No LoadTimeWeaver setup: ignoring JPA class transformer
2024-11-03T08:42:56.966-05:00  INFO 17784 --- [DrogeriaFX] [JavaFX-Launcher] com.zaxxer.hikari.HikariDataSource       : HikariPool-1 - Starting...
2024-11-03T08:42:57.161-05:00  INFO 17784 --- [DrogeriaFX] [JavaFX-Launcher] com.zaxxer.hikari.pool.HikariPool        : HikariPool-1 - Added connection org.sqlite.jdbc4.JDBC4Connection@1c068064
2024-11-03T08:42:57.164-05:00  INFO 17784 --- [DrogeriaFX] [JavaFX-Launcher] com.zaxxer.hikari.HikariDataSource       : HikariPool-1 - Start completed.
2024-11-03T08:42:59.173-05:00  INFO 17784 --- [DrogeriaFX] [JavaFX-Launcher] o.h.e.t.j.p.i.JtaPlatformInitiator       : HHH000489: No JTA platform available (set 'hibernate.transaction.jta.platform' to enable JTA platform integration)
2024-11-03T08:42:59.238-05:00  INFO 17784 --- [DrogeriaFX] [JavaFX-Launcher] j.LocalContainerEntityManagerFactoryBean : Initialized JPA EntityManagerFactory for persistence unit 'default'
2024-11-03T08:42:59.690-05:00  INFO 17784 --- [DrogeriaFX] [JavaFX-Launcher] o.s.d.j.r.query.QueryEnhancerFactory     : Hibernate is in classpath; If applicable, HQL parser will be used.
2024-11-03T08:43:00.177-05:00  INFO 17784 --- [DrogeriaFX] [JavaFX-Launcher] o.s.boot.SpringApplication               : Started application in 7.057 seconds (process running for 8.788)
2024-11-03T08:47:23.832-05:00  INFO 17784 --- [DrogeriaFX] [SpringApplicationShutdownHook] j.LocalContainerEntityManagerFactoryBean : Closing JPA EntityManagerFactory for persistence unit 'default'
2024-11-03T08:47:23.837-05:00  INFO 17784 --- [DrogeriaFX] [SpringApplicationShutdownHook] com.zaxxer.hikari.HikariDataSource       : HikariPool-1 - Shutdown initiated...
2024-11-03T08:47:23.845-05:00  INFO 17784 --- [DrogeriaFX] [SpringApplicationShutdownHook] com.zaxxer.hikari.HikariDataSource       : HikariPool-1 - Shutdown completed.
2024-11-03T08:47:29.105-05:00  INFO 2176 --- [DrogeriaFX] [JavaFX-Launcher] o.s.boot.SpringApplication               : Starting application using Java 22.0.2 with PID 2176 (started by User in D:\Descargas\POO gian\DrogeriaFX)
2024-11-03T08:47:29.109-05:00  INFO 2176 --- [DrogeriaFX] [JavaFX-Launcher] o.s.boot.SpringApplication               : No active profile set, falling back to 1 default profile: "default"
2024-11-03T08:47:30.328-05:00  INFO 2176 --- [DrogeriaFX] [JavaFX-Launcher] .s.d.r.c.RepositoryConfigurationDelegate : Bootstrapping Spring Data JPA repositories in DEFAULT mode.
2024-11-03T08:47:30.475-05:00  INFO 2176 --- [DrogeriaFX] [JavaFX-Launcher] .s.d.r.c.RepositoryConfigurationDelegate : Finished Spring Data repository scanning in 135 ms. Found 16 JPA repository interfaces.
2024-11-03T08:47:31.235-05:00  INFO 2176 --- [DrogeriaFX] [JavaFX-Launcher] o.hibernate.jpa.internal.util.LogHelper  : HHH000204: Processing PersistenceUnitInfo [name: default]
2024-11-03T08:47:31.370-05:00  INFO 2176 --- [DrogeriaFX] [JavaFX-Launcher] org.hibernate.Version                    : HHH000412: Hibernate ORM core version 6.5.3.Final
2024-11-03T08:47:31.428-05:00  INFO 2176 --- [DrogeriaFX] [JavaFX-Launcher] o.h.c.internal.RegionFactoryInitiator    : HHH000026: Second-level cache disabled
2024-11-03T08:47:31.927-05:00  INFO 2176 --- [DrogeriaFX] [JavaFX-Launcher] o.s.o.j.p.SpringPersistenceUnitInfo      : No LoadTimeWeaver setup: ignoring JPA class transformer
2024-11-03T08:47:31.979-05:00  INFO 2176 --- [DrogeriaFX] [JavaFX-Launcher] com.zaxxer.hikari.HikariDataSource       : HikariPool-1 - Starting...
2024-11-03T08:47:32.191-05:00  INFO 2176 --- [DrogeriaFX] [JavaFX-Launcher] com.zaxxer.hikari.pool.HikariPool        : HikariPool-1 - Added connection org.sqlite.jdbc4.JDBC4Connection@4df57e79
2024-11-03T08:47:32.194-05:00  INFO 2176 --- [DrogeriaFX] [JavaFX-Launcher] com.zaxxer.hikari.HikariDataSource       : HikariPool-1 - Start completed.
2024-11-03T08:47:34.154-05:00  INFO 2176 --- [DrogeriaFX] [JavaFX-Launcher] o.h.e.t.j.p.i.JtaPlatformInitiator       : HHH000489: No JTA platform available (set 'hibernate.transaction.jta.platform' to enable JTA platform integration)
2024-11-03T08:47:34.209-05:00  INFO 2176 --- [DrogeriaFX] [JavaFX-Launcher] j.LocalContainerEntityManagerFactoryBean : Initialized JPA EntityManagerFactory for persistence unit 'default'
2024-11-03T08:47:34.890-05:00  INFO 2176 --- [DrogeriaFX] [JavaFX-Launcher] o.s.d.j.r.query.QueryEnhancerFactory     : Hibernate is in classpath; If applicable, HQL parser will be used.
2024-11-03T08:47:35.765-05:00  INFO 2176 --- [DrogeriaFX] [JavaFX-Launcher] o.s.boot.SpringApplication               : Started application in 7.686 seconds (process running for 9.463)
2024-11-03T08:49:20.814-05:00  INFO 2176 --- [DrogeriaFX] [SpringApplicationShutdownHook] j.LocalContainerEntityManagerFactoryBean : Closing JPA EntityManagerFactory for persistence unit 'default'
2024-11-03T08:49:20.818-05:00  INFO 2176 --- [DrogeriaFX] [SpringApplicationShutdownHook] com.zaxxer.hikari.HikariDataSource       : HikariPool-1 - Shutdown initiated...
2024-11-03T08:49:20.825-05:00  INFO 2176 --- [DrogeriaFX] [SpringApplicationShutdownHook] com.zaxxer.hikari.HikariDataSource       : HikariPool-1 - Shutdown completed.
2024-11-03T08:49:28.529-05:00  INFO 7724 --- [DrogeriaFX] [JavaFX-Launcher] o.s.boot.SpringApplication               : Starting application using Java 22.0.2 with PID 7724 (started by User in D:\Descargas\POO gian\DrogeriaFX)
2024-11-03T08:49:28.533-05:00  INFO 7724 --- [DrogeriaFX] [JavaFX-Launcher] o.s.boot.SpringApplication               : No active profile set, falling back to 1 default profile: "default"
2024-11-03T08:49:29.622-05:00  INFO 7724 --- [DrogeriaFX] [JavaFX-Launcher] .s.d.r.c.RepositoryConfigurationDelegate : Bootstrapping Spring Data JPA repositories in DEFAULT mode.
2024-11-03T08:49:29.749-05:00  INFO 7724 --- [DrogeriaFX] [JavaFX-Launcher] .s.d.r.c.RepositoryConfigurationDelegate : Finished Spring Data repository scanning in 115 ms. Found 16 JPA repository interfaces.
2024-11-03T08:49:30.406-05:00  INFO 7724 --- [DrogeriaFX] [JavaFX-Launcher] o.hibernate.jpa.internal.util.LogHelper  : HHH000204: Processing PersistenceUnitInfo [name: default]
2024-11-03T08:49:30.501-05:00  INFO 7724 --- [DrogeriaFX] [JavaFX-Launcher] org.hibernate.Version                    : HHH000412: Hibernate ORM core version 6.5.3.Final
2024-11-03T08:49:30.548-05:00  INFO 7724 --- [DrogeriaFX] [JavaFX-Launcher] o.h.c.internal.RegionFactoryInitiator    : HHH000026: Second-level cache disabled
2024-11-03T08:49:30.973-05:00  INFO 7724 --- [DrogeriaFX] [JavaFX-Launcher] o.s.o.j.p.SpringPersistenceUnitInfo      : No LoadTimeWeaver setup: ignoring JPA class transformer
2024-11-03T08:49:31.025-05:00  INFO 7724 --- [DrogeriaFX] [JavaFX-Launcher] com.zaxxer.hikari.HikariDataSource       : HikariPool-1 - Starting...
2024-11-03T08:49:31.222-05:00  INFO 7724 --- [DrogeriaFX] [JavaFX-Launcher] com.zaxxer.hikari.pool.HikariPool        : HikariPool-1 - Added connection org.sqlite.jdbc4.JDBC4Connection@4551b1fb
2024-11-03T08:49:31.224-05:00  INFO 7724 --- [DrogeriaFX] [JavaFX-Launcher] com.zaxxer.hikari.HikariDataSource       : HikariPool-1 - Start completed.
2024-11-03T08:49:33.065-05:00  INFO 7724 --- [DrogeriaFX] [JavaFX-Launcher] o.h.e.t.j.p.i.JtaPlatformInitiator       : HHH000489: No JTA platform available (set 'hibernate.transaction.jta.platform' to enable JTA platform integration)
2024-11-03T08:49:33.128-05:00  INFO 7724 --- [DrogeriaFX] [JavaFX-Launcher] j.LocalContainerEntityManagerFactoryBean : Initialized JPA EntityManagerFactory for persistence unit 'default'
2024-11-03T08:49:33.566-05:00  INFO 7724 --- [DrogeriaFX] [JavaFX-Launcher] o.s.d.j.r.query.QueryEnhancerFactory     : Hibernate is in classpath; If applicable, HQL parser will be used.
2024-11-03T08:49:34.032-05:00  INFO 7724 --- [DrogeriaFX] [JavaFX-Launcher] o.s.boot.SpringApplication               : Started application in 6.534 seconds (process running for 8.081)
2024-11-03T08:50:01.570-05:00  INFO 7724 --- [DrogeriaFX] [SpringApplicationShutdownHook] j.LocalContainerEntityManagerFactoryBean : Closing JPA EntityManagerFactory for persistence unit 'default'
2024-11-03T08:50:01.574-05:00  INFO 7724 --- [DrogeriaFX] [SpringApplicationShutdownHook] com.zaxxer.hikari.HikariDataSource       : HikariPool-1 - Shutdown initiated...
2024-11-03T08:50:01.580-05:00  INFO 7724 --- [DrogeriaFX] [SpringApplicationShutdownHook] com.zaxxer.hikari.HikariDataSource       : HikariPool-1 - Shutdown completed.
